<?xml version="1.0" encoding="UTF-8"?>
<testng-results skipped="0" failed="0" ignored="0" total="1" passed="1">
  <reporter-output>
  </reporter-output>
  <suite name="Suite" duration-ms="4029" started-at="2017-01-06T11:01:34Z" finished-at="2017-01-06T11:01:38Z">
    <groups>
    </groups>
    <test name="Test" duration-ms="4029" started-at="2017-01-06T11:01:34Z" finished-at="2017-01-06T11:01:38Z">
      <class name="DemoPackage.NewTest">
        <test-method status="PASS" signature="beforeTest()[pri:0, instance:DemoPackage.NewTest@5702b3b1]" name="beforeTest" is-config="true" duration-ms="2383" started-at="2017-01-06T19:01:34Z" finished-at="2017-01-06T19:01:36Z">
          <reporter-output>
          </reporter-output>
        </test-method> <!-- beforeTest -->
        <test-method status="PASS" signature="LoadingGoolePg()[pri:0, instance:DemoPackage.NewTest@5702b3b1]" name="LoadingGoolePg" duration-ms="720" started-at="2017-01-06T19:01:36Z" finished-at="2017-01-06T19:01:37Z">
          <reporter-output>
          </reporter-output>
        </test-method> <!-- LoadingGoolePg -->
        <test-method status="PASS" signature="afterTest()[pri:0, instance:DemoPackage.NewTest@5702b3b1]" name="afterTest" is-config="true" duration-ms="924" started-at="2017-01-06T19:01:37Z" finished-at="2017-01-06T19:01:38Z">
          <reporter-output>
          </reporter-output>
        </test-method> <!-- afterTest -->
      </class> <!-- DemoPackage.NewTest -->
    </test> <!-- Test -->
  </suite> <!-- Suite -->
</testng-results>
